#
# A fatal error has been detected by the Java Runtime Environment:
#
#  SIGSEGV (0xb) at pc=0x00007fffb218b05d, pid=65570, tid=0x0000000000000307
#
# JRE version: Java(TM) SE Runtime Environment (8.0_162-b03) (build 1.8.0_162-ea-b03)
# Java VM: Java HotSpot(TM) 64-Bit Server VM (25.162-b03 mixed mode bsd-amd64 compressed oops)
# Problematic frame:
# C  [libobjc.A.dylib+0x705d]  objc_msgSend+0x1d
#
# Failed to write core dump. Core dumps have been disabled. To enable core dumping, try "ulimit -c unlimited" before starting Java again
#
# If you would like to submit a bug report, please visit:
#   http://bugreport.java.com/bugreport/crash.jsp
# The crash happened outside the Java Virtual Machine in native code.
# See problematic frame for where to report the bug.
#

---------------  T H R E A D  ---------------

Current thread (0x00007fc1c98ec800):  JavaThread "AppKit Thread" daemon [_thread_in_native, id=775, stack(0x00007fff52568000,0x00007fff52d68000)]

siginfo: si_signo: 11 (SIGSEGV), si_code: 1 (SEGV_MAPERR), si_addr: 0x000007fc1c8e8750

Registers:
RAX=0x00007fc1c8f9bfe0, RBX=0x00007fc1c8d9dcb0, RCX=0x00007fc1c8e85f20, RDX=0x00007fc1c8f9bfe0
RSP=0x00007fff52d62238, RBP=0x00007fff52d62240, RSI=0x00007fff9ba80843, RDI=0x00007fc1c8e85f20
R8 =0x000000000000003f, R9 =0x00007fc1c8d9dc70, R10=0x000007fc1c8e8738, R11=0x00007fff9ba80843
R12=0x0000000000000000, R13=0x00007fc1c8d9dc70, R14=0x00007fc1c8f9bfe0, R15=0x0000000000000000
RIP=0x00007fffb218b05d, EFLAGS=0x0000000000010202, ERR=0x0000000000000004
  TRAPNO=0x000000000000000e

Top of Stack: (sp=0x00007fff52d62238)
0x00007fff52d62238:   00007fff9d31845c 00007fff52d622b0
0x00007fff52d62248:   00007fff9d31835b 0000000000000000
0x00007fff52d62258:   00007fffbb973060 00000000c2000000
0x00007fff52d62268:   00007fff9d3183b0 00007fffb81f1680
0x00007fff52d62278:   00007fc1c8d9dc70 00007fc1c8f9bfe0
0x00007fff52d62288:   00007fff52d62a78 00007fffb218b040
0x00007fff52d62298:   00007fff52d62380 00007fc1c8d9dc70
0x00007fff52d622a8:   00007fff9ba1805a 00007fff52d622f0
0x00007fff52d622b8:   00007fff9d3180c2 00007fff52d628c0
0x00007fff52d622c8:   0000000000000001 00007fffb218b040
0x00007fff52d622d8:   00007fff52d62380 00007fff52d62a78
0x00007fff52d622e8:   00007fff9ba1805a 00007fff52d62a10
0x00007fff52d622f8:   00007fff9d2d5523 00007fc1c8e00000
0x00007fff52d62308:   0000000000000002 000000010ceb8e00
0x00007fff52d62318:   0000000000000004 00007fc1c8c0a970
0x00007fff52d62328:   00007fffb81f2cb0 0000000000000000
0x00007fff52d62338:   00007fc1ca1a40d0 00007fc1c8c0a901
0x00007fff52d62348:   00007fc1c8c566b0 00007fffb83250e0
0x00007fff52d62358:   0000000000000000 0000000000000000
0x00007fff52d62368:   0000000000000000 00007fc1c8c581d0
0x00007fff52d62378:   00007fffb8231900 00007fff52d628c0
0x00007fff52d62388:   0000000000000002 0000000000000100
0x00007fff52d62398:   00007fffbb8e0400 00007fff52d627c0
0x00007fff52d623a8:   0000000000000000 0000000000000100
0x00007fff52d623b8:   00007fc1c8e82500 00007fff52d623f0
0x00007fff52d623c8:   00007fff9d318d0c ffff803e3717dae0
0x00007fff52d623d8:   00007fc1c8e82520 00007fffb8322640
0x00007fff52d623e8:   00007fc1c8e82520 00007fff52d62420
0x00007fff52d623f8:   00007fff9d318d58 ffff803e3717dae0
0x00007fff52d62408:   00007fc1c8e82520 00007fffb83228c0
0x00007fff52d62418:   00007fc1c8e82520 00007fff52d62450
0x00007fff52d62428:   00007fff9d318e3b 0000000000000280 

Instructions: (pc=0x00007fffb218b05d)
0x00007fffb218b03d:   0f 1f 00 48 85 ff 2e 74 62 40 f6 c7 01 2e 75 66
0x00007fffb218b04d:   49 ba f8 ff ff ff ff 7f 00 00 4c 23 17 49 89 f3
0x00007fffb218b05d:   45 23 5a 18 49 c1 e3 04 4d 03 5a 10 49 3b 33 75
0x00007fffb218b06d:   04 41 ff 63 08 49 83 3b 01 76 0d 49 83 c3 10 49 

Register to memory mapping:

RAX=0x00007fc1c8f9bfe0 is an unknown value
RBX=0x00007fc1c8d9dcb0 is an unknown value
RCX=0x00007fc1c8e85f20 is an unknown value
RDX=0x00007fc1c8f9bfe0 is an unknown value
RSP=0x00007fff52d62238 is pointing into the stack for thread: 0x00007fc1c98ec800
RBP=0x00007fff52d62240 is pointing into the stack for thread: 0x00007fc1c98ec800
RSI=0x00007fff9ba80843: __NSStyleNameIndexTable+0xe048b in /System/Library/Frameworks/AppKit.framework/Versions/C/AppKit at 0x00007fff9adb3000
RDI=0x00007fc1c8e85f20 is an unknown value
R8 =0x000000000000003f is an unknown value
R9 =0x00007fc1c8d9dc70 is an unknown value
R10=0x000007fc1c8e8738 is an unknown value
R11=0x00007fff9ba80843: __NSStyleNameIndexTable+0xe048b in /System/Library/Frameworks/AppKit.framework/Versions/C/AppKit at 0x00007fff9adb3000
R12=0x0000000000000000 is an unknown value
R13=0x00007fc1c8d9dc70 is an unknown value
R14=0x00007fc1c8f9bfe0 is an unknown value
R15=0x0000000000000000 is an unknown value


Stack: [0x00007fff52568000,0x00007fff52d68000],  sp=0x00007fff52d62238,  free space=8168k
Native frames: (J=compiled Java code, j=interpreted, Vv=VM code, C=native code)
C  [libobjc.A.dylib+0x705d]  objc_msgSend+0x1d
C  [CoreFoundation+0x9d35b]  _CFXRegistrationPost+0x1ab
C  [CoreFoundation+0x9d0c2]  ___CFXNotificationPost_block_invoke+0x32
C  [CoreFoundation+0x5a523]  -[_CFXNotificationRegistrar find:object:observer:enumerator:]+0x723
C  [CoreFoundation+0x5955c]  _CFXNotificationPost+0x25c
C  [Foundation+0x6677]  -[NSNotificationCenter postNotificationName:object:userInfo:]+0x42
C  [AppKit+0x24ee3b]  -[NSSurface _disposeSurface]+0x98
C  [AppKit+0x24e9ea]  -[NSSurface setWindow:]+0x35
C  [AppKit+0x28960]  -[NSView _setWindow:]+0xa0f
C  [AppKit+0x2b587]  -[NSView removeFromSuperview]+0x1d1
C  [AppKit+0x14cd60]  -[NSView removeFromSuperviewWithoutNeedingDisplay]+0x26
C  [liblwjgl.dylib+0xa205]  +[MacOSXKeyableWindow destroyWindow]+0xb5
C  [Foundation+0x7152a]  __NSThreadPerformPerform+0x146
C  [CoreFoundation+0xa7321]  __CFRUNLOOP_IS_CALLING_OUT_TO_A_SOURCE0_PERFORM_FUNCTION__+0x11
C  [CoreFoundation+0x8821d]  __CFRunLoopDoSources0+0x22d
C  [CoreFoundation+0x87716]  __CFRunLoopRun+0x3a6
C  [CoreFoundation+0x87114]  CFRunLoopRunSpecific+0x1a4
C  [HIToolbox+0x30ebc]  RunCurrentEventLoopInMode+0xf0
C  [HIToolbox+0x30cf1]  ReceiveNextEventCommon+0x1b0
C  [HIToolbox+0x30b26]  _BlockUntilNextEventMatchingListInModeWithFilter+0x47
C  [AppKit+0x46a54]  _DPSNextEvent+0x460
C  [AppKit+0x7c27ee]  -[NSApplication(NSEvent) _nextEventMatchingEventMask:untilDate:inMode:dequeue:]+0xaec
C  [libosxapp.dylib+0x2328]  -[NSApplicationAWT nextEventMatchingMask:untilDate:inMode:dequeue:]+0x7c
C  [AppKit+0x3b3db]  -[NSApplication run]+0x39e
C  [libosxapp.dylib+0x1f72]  +[NSApplicationAWT runAWTLoopWithApp:]+0x9c
C  [libawt_lwawt.dylib+0x4711f]  -[AWTStarter starter:]+0x389
C  [Foundation+0x7152a]  __NSThreadPerformPerform+0x146
C  [CoreFoundation+0xa7321]  __CFRUNLOOP_IS_CALLING_OUT_TO_A_SOURCE0_PERFORM_FUNCTION__+0x11
C  [CoreFoundation+0x8821d]  __CFRunLoopDoSources0+0x22d
C  [CoreFoundation+0x87716]  __CFRunLoopRun+0x3a6
C  [CoreFoundation+0x87114]  CFRunLoopRunSpecific+0x1a4
C  [java+0x6472]  CreateExecutionEnvironment+0x367
C  [java+0x207c]  JLI_Launch+0x7a0
C  [java+0x84cf]  main+0x65
C  [java+0x18d4]  start+0x34
C  0x0000000000000007


---------------  P R O C E S S  ---------------

Java Threads: ( => current thread )
  0x00007fc1c9914800 JavaThread "AWT-Shutdown" [_thread_blocked, id=30239, stack(0x0000700002914000,0x0000700002a14000)]
=>0x00007fc1c98ec800 JavaThread "AppKit Thread" daemon [_thread_in_native, id=775, stack(0x00007fff52568000,0x00007fff52d68000)]
  0x00007fc1ca87b800 JavaThread "Service Thread" daemon [_thread_blocked, id=19203, stack(0x000070000268b000,0x000070000278b000)]
  0x00007fc1ca094800 JavaThread "C1 CompilerThread2" daemon [_thread_blocked, id=18691, stack(0x0000700002588000,0x0000700002688000)]
  0x00007fc1ca035000 JavaThread "C2 CompilerThread1" daemon [_thread_blocked, id=18179, stack(0x0000700002485000,0x0000700002585000)]
  0x00007fc1ca87a800 JavaThread "C2 CompilerThread0" daemon [_thread_blocked, id=17667, stack(0x0000700002382000,0x0000700002482000)]
  0x00007fc1ca816800 JavaThread "Monitor Ctrl-Break" daemon [_thread_in_native, id=17155, stack(0x000070000227f000,0x000070000237f000)]
  0x00007fc1c9821000 JavaThread "Signal Dispatcher" daemon [_thread_blocked, id=16643, stack(0x000070000217c000,0x000070000227c000)]
  0x00007fc1c9800000 JavaThread "Finalizer" daemon [_thread_blocked, id=12547, stack(0x0000700002079000,0x0000700002179000)]
  0x00007fc1c900d800 JavaThread "Reference Handler" daemon [_thread_blocked, id=12035, stack(0x0000700001f76000,0x0000700002076000)]
  0x00007fc1ca804800 JavaThread "main" [_thread_in_native, id=7171, stack(0x0000700001964000,0x0000700001a64000)]

Other Threads:
  0x00007fc1c900d000 VMThread [stack: 0x0000700001e73000,0x0000700001f73000] [id=11523]
  0x00007fc1ca0dd800 WatcherThread [stack: 0x000070000278e000,0x000070000288e000] [id=19715]

VM state:not at safepoint (normal execution)

VM Mutex/Monitor currently owned by a thread: None

Heap:
 PSYoungGen      total 76288K, used 22285K [0x000000076ab00000, 0x0000000770000000, 0x00000007c0000000)
  eden space 65536K, 34% used [0x000000076ab00000,0x000000076c0c34d0,0x000000076eb00000)
  from space 10752K, 0% used [0x000000076f580000,0x000000076f580000,0x0000000770000000)
  to   space 10752K, 0% used [0x000000076eb00000,0x000000076eb00000,0x000000076f580000)
 ParOldGen       total 175104K, used 0K [0x00000006c0000000, 0x00000006cab00000, 0x000000076ab00000)
  object space 175104K, 0% used [0x00000006c0000000,0x00000006c0000000,0x00000006cab00000)
 Metaspace       used 8082K, capacity 8235K, committed 8320K, reserved 1056768K
  class space    used 799K, capacity 858K, committed 896K, reserved 1048576K

Card table byte_map: [0x000000010eabf000,0x000000010f2c0000] byte_map_base: 0x000000010b4bf000

Marking Bits: (ParMarkBitMap*) 0x000000010e09afc0
 Begin Bits: [0x0000000122d48000, 0x0000000126d48000)
 End Bits:   [0x0000000126d48000, 0x000000012ad48000)

Polling page: 0x000000010cf59000

CodeCache: size=245760Kb used=2955Kb max_used=2966Kb free=242804Kb
 bounds [0x0000000113d48000, 0x0000000114038000, 0x0000000122d48000]
 total_blobs=1188 nmethods=774 adapters=329
 compilation: enabled

Compilation events (10 events):
Event: 4.114 Thread 0x00007fc1ca094800 nmethod 769 0x0000000114028a90 code [0x0000000114028c60, 0x0000000114029448]
Event: 4.114 Thread 0x00007fc1ca094800  770   !   3       org.lwjgl.opengl.MacOSXDisplay::isCloseRequested (26 bytes)
Event: 4.114 Thread 0x00007fc1ca094800 nmethod 770 0x00000001140297d0 code [0x0000000114029940, 0x0000000114029c30]
Event: 4.116 Thread 0x00007fc1ca094800  771       3       org.newdawn.slick.opengl.renderer.ImmediateModeOGLRenderer::glCallList (5 bytes)
Event: 4.117 Thread 0x00007fc1ca094800 nmethod 771 0x0000000114029cd0 code [0x0000000114029ec0, 0x000000011402a618]
Event: 4.117 Thread 0x00007fc1ca094800  772       3       org.lwjgl.opengl.GL11::glCallList (19 bytes)
Event: 4.117 Thread 0x00007fc1ca094800 nmethod 772 0x000000011402ab10 code [0x000000011402ad00, 0x000000011402b3d8]
Event: 4.369 Thread 0x00007fc1ca094800  773       3       java.util.LinkedHashMap::afterNodeAccess (116 bytes)
Event: 4.370 Thread 0x00007fc1ca094800 nmethod 773 0x000000011402b7d0 code [0x000000011402b960, 0x000000011402be30]
Event: 4.380 Thread 0x00007fc1ca035000  774       4       java.nio.DirectByteBuffer::put (18 bytes)

GC Heap History (0 events):
No events

Deoptimization events (4 events):
Event: 0.422 Thread 0x00007fc1ca804800 Uncommon trap: reason=unstable_if action=reinterpret pc=0x0000000113ee44f8 method=java.lang.String.indexOf([CII[CIII)I @ 134
Event: 0.998 Thread 0x00007fc1ca804800 Uncommon trap: reason=unstable_if action=reinterpret pc=0x0000000113ef3940 method=java.lang.String.replace(CC)Ljava/lang/String; @ 26
Event: 2.155 Thread 0x00007fc1ca804800 Uncommon trap: reason=unstable_if action=reinterpret pc=0x0000000113f75f50 method=sun.misc.MetaIndex.mayContain(Ljava/lang/String;)Z @ 38
Event: 2.158 Thread 0x00007fc1ca804800 Uncommon trap: reason=unstable_if action=reinterpret pc=0x0000000113f81bd4 method=java.lang.String.indexOf([CII[CIII)I @ 3

Classes redefined (0 events):
No events

Internal exceptions (10 events):
Event: 0.284 Thread 0x00007fc1ca804800 Exception <a 'java/security/PrivilegedActionException'> (0x000000076b0d3a70) thrown at [/Users/java_re/workspace/8-2-build-macosx-x86_64/jdk8u162/9971.nc/hotspot/src/share/vm/prims/jvm.cpp, line 1390]
Event: 0.284 Thread 0x00007fc1ca804800 Exception <a 'java/security/PrivilegedActionException'> (0x000000076b0d6678) thrown at [/Users/java_re/workspace/8-2-build-macosx-x86_64/jdk8u162/9971.nc/hotspot/src/share/vm/prims/jvm.cpp, line 1390]
Event: 0.284 Thread 0x00007fc1ca804800 Exception <a 'java/security/PrivilegedActionException'> (0x000000076b0d6888) thrown at [/Users/java_re/workspace/8-2-build-macosx-x86_64/jdk8u162/9971.nc/hotspot/src/share/vm/prims/jvm.cpp, line 1390]
Event: 0.284 Thread 0x00007fc1ca804800 Exception <a 'java/security/PrivilegedActionException'> (0x000000076b0d77c0) thrown at [/Users/java_re/workspace/8-2-build-macosx-x86_64/jdk8u162/9971.nc/hotspot/src/share/vm/prims/jvm.cpp, line 1390]
Event: 0.284 Thread 0x00007fc1ca804800 Exception <a 'java/security/PrivilegedActionException'> (0x000000076b0d79d0) thrown at [/Users/java_re/workspace/8-2-build-macosx-x86_64/jdk8u162/9971.nc/hotspot/src/share/vm/prims/jvm.cpp, line 1390]
Event: 0.387 Thread 0x00007fc1ca804800 Exception <a 'java/lang/NoSuchFieldError': method resolution failed> (0x000000076b209eb0) thrown at [/Users/java_re/workspace/8-2-build-macosx-x86_64/jdk8u162/9971.nc/hotspot/src/share/vm/prims/methodHandles.cpp, line 1167]
Event: 0.390 Thread 0x00007fc1ca804800 Exception <a 'java/lang/NoSuchFieldError': method resolution failed> (0x000000076b217e70) thrown at [/Users/java_re/workspace/8-2-build-macosx-x86_64/jdk8u162/9971.nc/hotspot/src/share/vm/prims/methodHandles.cpp, line 1167]
Event: 0.958 Thread 0x00007fc1ca804800 Exception <a 'java/io/FileNotFoundException'> (0x000000076b2baed0) thrown at [/Users/java_re/workspace/8-2-build-macosx-x86_64/jdk8u162/9971.nc/hotspot/src/share/vm/prims/jni.cpp, line 709]
Event: 0.958 Thread 0x00007fc1ca804800 Exception <a 'java/io/FileNotFoundException'> (0x000000076b2bba58) thrown at [/Users/java_re/workspace/8-2-build-macosx-x86_64/jdk8u162/9971.nc/hotspot/src/share/vm/prims/jni.cpp, line 709]
Event: 0.999 Thread 0x00007fc1ca804800 Exception <a 'java/io/FileNotFoundException'> (0x000000076b36af60) thrown at [/Users/java_re/workspace/8-2-build-macosx-x86_64/jdk8u162/9971.nc/hotspot/src/share/vm/prims/jni.cpp, line 709]

Events (10 events):
Event: 2.957 loading class org/newdawn/slick/Music
Event: 2.957 loading class org/newdawn/slick/Music done
Event: 2.958 loading class com/vobis/spacegame3/Screen
Event: 2.958 loading class com/vobis/spacegame3/Screen done
Event: 2.963 loading class org/newdawn/slick/AngelCodeFont$DisplayList
Event: 2.963 loading class org/newdawn/slick/AngelCodeFont$DisplayList done
Event: 4.248 Executing VM operation: EnableBiasedLocking
Event: 4.248 Executing VM operation: EnableBiasedLocking done
Event: 4.377 loading class org/lwjgl/opengl/CallbackUtil
Event: 4.377 loading class org/lwjgl/opengl/CallbackUtil done


Dynamic libraries:
0x0000000027f02000 	/System/Library/Frameworks/Cocoa.framework/Versions/A/Cocoa
0x0000000027f02000 	/System/Library/Frameworks/Security.framework/Versions/A/Security
0x0000000027f02000 	/System/Library/Frameworks/ApplicationServices.framework/Versions/A/ApplicationServices
0x0000000027f02000 	/usr/lib/libz.1.dylib
0x0000000027f02000 	/usr/lib/libSystem.B.dylib
0x0000000027f02000 	/usr/lib/libobjc.A.dylib
0x0000000027f02000 	/System/Library/Frameworks/CoreFoundation.framework/Versions/A/CoreFoundation
0x0000000027f02000 	/System/Library/Frameworks/Foundation.framework/Versions/C/Foundation
0x0000000027f02000 	/System/Library/Frameworks/AppKit.framework/Versions/C/AppKit
0x0000000027f02000 	/System/Library/Frameworks/CoreData.framework/Versions/A/CoreData
0x0000000027f02000 	/System/Library/PrivateFrameworks/RemoteViewServices.framework/Versions/A/RemoteViewServices
0x0000000027f02000 	/System/Library/PrivateFrameworks/UIFoundation.framework/Versions/A/UIFoundation
0x0000000027f02000 	/System/Library/PrivateFrameworks/DFRFoundation.framework/Versions/A/DFRFoundation
0x0000000027f02000 	/usr/lib/libenergytrace.dylib
0x0000000027f02000 	/System/Library/PrivateFrameworks/SkyLight.framework/Versions/A/SkyLight
0x0000000027f02000 	/System/Library/Frameworks/CoreGraphics.framework/Versions/A/CoreGraphics
0x0000000027f02000 	/usr/lib/libScreenReader.dylib
0x0000000027f02000 	/System/Library/Frameworks/Accelerate.framework/Versions/A/Accelerate
0x0000000027f02000 	/System/Library/Frameworks/IOSurface.framework/Versions/A/IOSurface
0x0000000027f02000 	/System/Library/Frameworks/AudioToolbox.framework/Versions/A/AudioToolbox
0x0000000027f02000 	/System/Library/Frameworks/AudioUnit.framework/Versions/A/AudioUnit
0x0000000027f02000 	/System/Library/PrivateFrameworks/DataDetectorsCore.framework/Versions/A/DataDetectorsCore
0x0000000027f02000 	/System/Library/PrivateFrameworks/DesktopServicesPriv.framework/Versions/A/DesktopServicesPriv
0x0000000027f02000 	/System/Library/Frameworks/Carbon.framework/Versions/A/Frameworks/HIToolbox.framework/Versions/A/HIToolbox
0x0000000027f02000 	/usr/lib/libicucore.A.dylib
0x0000000027f02000 	/System/Library/Frameworks/QuartzCore.framework/Versions/A/QuartzCore
0x0000000027f02000 	/System/Library/Frameworks/Carbon.framework/Versions/A/Frameworks/SpeechRecognition.framework/Versions/A/SpeechRecognition
0x0000000027f02000 	/usr/lib/libauto.dylib
0x0000000027f02000 	/usr/lib/libxml2.2.dylib
0x0000000027f02000 	/System/Library/PrivateFrameworks/CoreUI.framework/Versions/A/CoreUI
0x0000000027f02000 	/System/Library/Frameworks/CoreAudio.framework/Versions/A/CoreAudio
0x0000000027f02000 	/System/Library/Frameworks/DiskArbitration.framework/Versions/A/DiskArbitration
0x0000000027f02000 	/usr/lib/liblangid.dylib
0x0000000027f02000 	/System/Library/PrivateFrameworks/MultitouchSupport.framework/Versions/A/MultitouchSupport
0x0000000027f02000 	/System/Library/Frameworks/IOKit.framework/Versions/A/IOKit
0x0000000027f02000 	/usr/lib/libDiagnosticMessagesClient.dylib
0x0000000027f02000 	/System/Library/Frameworks/CoreServices.framework/Versions/A/CoreServices
0x0000000027f02000 	/System/Library/PrivateFrameworks/PerformanceAnalysis.framework/Versions/A/PerformanceAnalysis
0x0000000027f02000 	/System/Library/PrivateFrameworks/GenerationalStorage.framework/Versions/A/GenerationalStorage
0x0000000027f02000 	/System/Library/Frameworks/OpenGL.framework/Versions/A/OpenGL
0x0000000027f02000 	/System/Library/Frameworks/CoreImage.framework/Versions/A/CoreImage
0x0000000027f02000 	/System/Library/Frameworks/CoreText.framework/Versions/A/CoreText
0x0000000027f02000 	/System/Library/Frameworks/ImageIO.framework/Versions/A/ImageIO
0x0000000027f02000 	/System/Library/PrivateFrameworks/Backup.framework/Versions/A/Backup
0x0000000027f02000 	/usr/lib/libarchive.2.dylib
0x0000000027f02000 	/System/Library/Frameworks/CFNetwork.framework/Versions/A/CFNetwork
0x0000000027f02000 	/System/Library/Frameworks/SystemConfiguration.framework/Versions/A/SystemConfiguration
0x0000000027f02000 	/usr/lib/libCRFSuite.dylib
0x0000000027f02000 	/usr/lib/libc++.1.dylib
0x0000000027f02000 	/usr/lib/libc++abi.dylib
0x0000000027f02000 	/usr/lib/system/libcache.dylib
0x0000000027f02000 	/usr/lib/system/libcommonCrypto.dylib
0x0000000027f02000 	/usr/lib/system/libcompiler_rt.dylib
0x0000000027f02000 	/usr/lib/system/libcopyfile.dylib
0x0000000027f02000 	/usr/lib/system/libcorecrypto.dylib
0x0000000027f02000 	/usr/lib/system/libdispatch.dylib
0x0000000027f02000 	/usr/lib/system/libdyld.dylib
0x0000000027f02000 	/usr/lib/system/libkeymgr.dylib
0x0000000027f02000 	/usr/lib/system/liblaunch.dylib
0x0000000027f02000 	/usr/lib/system/libmacho.dylib
0x0000000027f02000 	/usr/lib/system/libquarantine.dylib
0x0000000027f02000 	/usr/lib/system/libremovefile.dylib
0x0000000027f02000 	/usr/lib/system/libsystem_asl.dylib
0x0000000027f02000 	/usr/lib/system/libsystem_blocks.dylib
0x0000000027f02000 	/usr/lib/system/libsystem_c.dylib
0x0000000027f02000 	/usr/lib/system/libsystem_configuration.dylib
0x0000000027f02000 	/usr/lib/system/libsystem_coreservices.dylib
0x0000000027f02000 	/usr/lib/system/libsystem_coretls.dylib
0x0000000027f02000 	/usr/lib/system/libsystem_dnssd.dylib
0x0000000027f02000 	/usr/lib/system/libsystem_info.dylib
0x0000000027f02000 	/usr/lib/system/libsystem_kernel.dylib
0x0000000027f02000 	/usr/lib/system/libsystem_m.dylib
0x0000000027f02000 	/usr/lib/system/libsystem_malloc.dylib
0x0000000027f02000 	/usr/lib/system/libsystem_network.dylib
0x0000000027f02000 	/usr/lib/system/libsystem_networkextension.dylib
0x0000000027f02000 	/usr/lib/system/libsystem_notify.dylib
0x0000000027f02000 	/usr/lib/system/libsystem_platform.dylib
0x0000000027f02000 	/usr/lib/system/libsystem_pthread.dylib
0x0000000027f02000 	/usr/lib/system/libsystem_sandbox.dylib
0x0000000027f02000 	/usr/lib/system/libsystem_secinit.dylib
0x0000000027f02000 	/usr/lib/system/libsystem_symptoms.dylib
0x0000000027f02000 	/usr/lib/system/libsystem_trace.dylib
0x0000000027f02000 	/usr/lib/system/libunwind.dylib
0x0000000027f02000 	/usr/lib/system/libxpc.dylib
0x0000000027f02000 	/usr/lib/libbsm.0.dylib
0x0000000027f02000 	/usr/lib/system/libkxld.dylib
0x0000000027f02000 	/usr/lib/libcoretls.dylib
0x0000000027f02000 	/usr/lib/libcoretls_cfhelpers.dylib
0x0000000027f02000 	/usr/lib/libOpenScriptingUtil.dylib
0x0000000027f02000 	/usr/lib/libpam.2.dylib
0x0000000027f02000 	/usr/lib/libsqlite3.dylib
0x0000000027f02000 	/usr/lib/libxar.1.dylib
0x0000000027f02000 	/usr/lib/libbz2.1.0.dylib
0x0000000027f02000 	/usr/lib/liblzma.5.dylib
0x0000000027f02000 	/usr/lib/libnetwork.dylib
0x0000000027f02000 	/usr/lib/libpcap.A.dylib
0x0000000027f02000 	/System/Library/Frameworks/CoreServices.framework/Versions/A/Frameworks/FSEvents.framework/Versions/A/FSEvents
0x0000000027f02000 	/System/Library/Frameworks/CoreServices.framework/Versions/A/Frameworks/CarbonCore.framework/Versions/A/CarbonCore
0x0000000027f02000 	/System/Library/Frameworks/CoreServices.framework/Versions/A/Frameworks/Metadata.framework/Versions/A/Metadata
0x0000000027f02000 	/System/Library/Frameworks/CoreServices.framework/Versions/A/Frameworks/OSServices.framework/Versions/A/OSServices
0x0000000027f02000 	/System/Library/Frameworks/CoreServices.framework/Versions/A/Frameworks/SearchKit.framework/Versions/A/SearchKit
0x0000000027f02000 	/System/Library/Frameworks/CoreServices.framework/Versions/A/Frameworks/AE.framework/Versions/A/AE
0x0000000027f02000 	/System/Library/Frameworks/CoreServices.framework/Versions/A/Frameworks/LaunchServices.framework/Versions/A/LaunchServices
0x0000000027f02000 	/System/Library/Frameworks/CoreServices.framework/Versions/A/Frameworks/DictionaryServices.framework/Versions/A/DictionaryServices
0x0000000027f02000 	/System/Library/Frameworks/CoreServices.framework/Versions/A/Frameworks/SharedFileList.framework/Versions/A/SharedFileList
0x0000000027f02000 	/System/Library/Frameworks/NetFS.framework/Versions/A/NetFS
0x0000000027f02000 	/System/Library/PrivateFrameworks/NetAuth.framework/Versions/A/NetAuth
0x0000000027f02000 	/System/Library/PrivateFrameworks/login.framework/Versions/A/Frameworks/loginsupport.framework/Versions/A/loginsupport
0x0000000027f02000 	/System/Library/PrivateFrameworks/TCC.framework/Versions/A/TCC
0x0000000027f02000 	/usr/lib/libmecabra.dylib
0x0000000027f02000 	/System/Library/Frameworks/ApplicationServices.framework/Versions/A/Frameworks/ATS.framework/Versions/A/ATS
0x0000000027f02000 	/System/Library/Frameworks/ApplicationServices.framework/Versions/A/Frameworks/ColorSync.framework/Versions/A/ColorSync
0x0000000027f02000 	/System/Library/Frameworks/ApplicationServices.framework/Versions/A/Frameworks/HIServices.framework/Versions/A/HIServices
0x0000000027f02000 	/System/Library/Frameworks/ApplicationServices.framework/Versions/A/Frameworks/LangAnalysis.framework/Versions/A/LangAnalysis
0x0000000027f02000 	/System/Library/Frameworks/ApplicationServices.framework/Versions/A/Frameworks/PrintCore.framework/Versions/A/PrintCore
0x0000000027f02000 	/System/Library/Frameworks/ApplicationServices.framework/Versions/A/Frameworks/QD.framework/Versions/A/QD
0x0000000027f02000 	/System/Library/Frameworks/ApplicationServices.framework/Versions/A/Frameworks/SpeechSynthesis.framework/Versions/A/SpeechSynthesis
0x0000000027f02000 	/System/Library/Frameworks/Accelerate.framework/Versions/A/Frameworks/vImage.framework/Versions/A/vImage
0x0000000027f02000 	/System/Library/Frameworks/Accelerate.framework/Versions/A/Frameworks/vecLib.framework/Versions/A/vecLib
0x0000000027f02000 	/System/Library/Frameworks/Accelerate.framework/Versions/A/Frameworks/vecLib.framework/Versions/A/libvDSP.dylib
0x0000000027f02000 	/System/Library/Frameworks/Accelerate.framework/Versions/A/Frameworks/vecLib.framework/Versions/A/libBNNS.dylib
0x0000000027f02000 	/System/Library/Frameworks/Accelerate.framework/Versions/A/Frameworks/vecLib.framework/Versions/A/libQuadrature.dylib
0x0000000027f02000 	/System/Library/Frameworks/Accelerate.framework/Versions/A/Frameworks/vecLib.framework/Versions/A/libvMisc.dylib
0x0000000027f02000 	/System/Library/Frameworks/Accelerate.framework/Versions/A/Frameworks/vecLib.framework/Versions/A/libLAPACK.dylib
0x0000000027f02000 	/System/Library/Frameworks/Accelerate.framework/Versions/A/Frameworks/vecLib.framework/Versions/A/libBLAS.dylib
0x0000000027f02000 	/System/Library/Frameworks/Accelerate.framework/Versions/A/Frameworks/vecLib.framework/Versions/A/libLinearAlgebra.dylib
0x0000000027f02000 	/System/Library/Frameworks/Accelerate.framework/Versions/A/Frameworks/vecLib.framework/Versions/A/libSparseBLAS.dylib
0x0000000027f02000 	/System/Library/Frameworks/ApplicationServices.framework/Versions/A/Frameworks/ATS.framework/Versions/A/Resources/libFontParser.dylib
0x0000000027f02000 	/System/Library/Frameworks/ApplicationServices.framework/Versions/A/Frameworks/ATS.framework/Versions/A/Resources/libFontRegistry.dylib
0x0000000027f02000 	/System/Library/Frameworks/ImageIO.framework/Versions/A/Resources/libJPEG.dylib
0x0000000027f02000 	/System/Library/Frameworks/ImageIO.framework/Versions/A/Resources/libTIFF.dylib
0x0000000027f02000 	/System/Library/Frameworks/ImageIO.framework/Versions/A/Resources/libPng.dylib
0x0000000027f02000 	/System/Library/Frameworks/ImageIO.framework/Versions/A/Resources/libGIF.dylib
0x0000000027f02000 	/System/Library/Frameworks/ImageIO.framework/Versions/A/Resources/libJP2.dylib
0x0000000027f02000 	/System/Library/Frameworks/ImageIO.framework/Versions/A/Resources/libRadiance.dylib
0x0000000027f02000 	/usr/lib/libcompression.dylib
0x0000000027f02000 	/System/Library/PrivateFrameworks/AppleJPEG.framework/Versions/A/AppleJPEG
0x0000000027f02000 	/usr/lib/libcups.2.dylib
0x0000000027f02000 	/System/Library/Frameworks/Kerberos.framework/Versions/A/Kerberos
0x0000000027f02000 	/System/Library/Frameworks/GSS.framework/Versions/A/GSS
0x0000000027f02000 	/usr/lib/libresolv.9.dylib
0x0000000027f02000 	/usr/lib/libiconv.2.dylib
0x0000000027f02000 	/System/Library/PrivateFrameworks/Heimdal.framework/Versions/A/Heimdal
0x0000000027f02000 	/usr/lib/libheimdal-asn1.dylib
0x0000000027f02000 	/System/Library/Frameworks/OpenDirectory.framework/Versions/A/OpenDirectory
0x0000000027f02000 	/System/Library/PrivateFrameworks/CommonAuth.framework/Versions/A/CommonAuth
0x0000000027f02000 	/System/Library/Frameworks/OpenDirectory.framework/Versions/A/Frameworks/CFOpenDirectory.framework/Versions/A/CFOpenDirectory
0x0000000027f02000 	/System/Library/Frameworks/SecurityFoundation.framework/Versions/A/SecurityFoundation
0x0000000027f02000 	/System/Library/PrivateFrameworks/LanguageModeling.framework/Versions/A/LanguageModeling
0x0000000027f02000 	/usr/lib/libmarisa.dylib
0x0000000027f02000 	/usr/lib/libChineseTokenizer.dylib
0x0000000027f02000 	/usr/lib/libcmph.dylib
0x0000000027f02000 	/System/Library/PrivateFrameworks/CoreEmoji.framework/Versions/A/CoreEmoji
0x0000000027f02000 	/System/Library/Frameworks/ServiceManagement.framework/Versions/A/ServiceManagement
0x0000000027f02000 	/usr/lib/libxslt.1.dylib
0x0000000027f02000 	/System/Library/Frameworks/Carbon.framework/Versions/A/Frameworks/Ink.framework/Versions/A/Ink
0x0000000027f02000 	/System/Library/PrivateFrameworks/TextureIO.framework/Versions/A/TextureIO
0x0000000027f02000 	/System/Library/Frameworks/Metal.framework/Versions/A/Metal
0x0000000027f02000 	/usr/lib/libate.dylib
0x0000000027f02000 	/System/Library/PrivateFrameworks/GPUCompiler.framework/libmetal_timestamp.dylib
0x0000000027f02000 	/System/Library/Frameworks/OpenGL.framework/Versions/A/Libraries/libCoreFSCache.dylib
0x0000000027f02000 	/System/Library/PrivateFrameworks/IOAccelerator.framework/Versions/A/IOAccelerator
0x0000000027f02000 	/System/Library/Frameworks/CoreVideo.framework/Versions/A/CoreVideo
0x0000000027f02000 	/usr/lib/libFosl_dynamic.dylib
0x0000000027f02000 	/System/Library/PrivateFrameworks/MetalPerformanceShaders.framework/Versions/A/MetalPerformanceShaders
0x0000000027f02000 	/System/Library/PrivateFrameworks/FaceCore.framework/Versions/A/FaceCore
0x0000000027f02000 	/System/Library/Frameworks/OpenCL.framework/Versions/A/OpenCL
0x0000000027f02000 	/System/Library/Frameworks/OpenGL.framework/Versions/A/Libraries/libGLU.dylib
0x0000000027f02000 	/System/Library/Frameworks/OpenGL.framework/Versions/A/Libraries/libGFXShared.dylib
0x0000000027f02000 	/System/Library/Frameworks/OpenGL.framework/Versions/A/Libraries/libGL.dylib
0x0000000027f02000 	/System/Library/Frameworks/OpenGL.framework/Versions/A/Libraries/libGLImage.dylib
0x0000000027f02000 	/System/Library/Frameworks/OpenGL.framework/Versions/A/Libraries/libCVMSPluginSupport.dylib
0x0000000027f02000 	/System/Library/Frameworks/OpenGL.framework/Versions/A/Libraries/libCoreVMClient.dylib
0x0000000027f02000 	/System/Library/PrivateFrameworks/CrashReporterSupport.framework/Versions/A/CrashReporterSupport
0x0000000027f02000 	/System/Library/PrivateFrameworks/Sharing.framework/Versions/A/Sharing
0x0000000027f02000 	/System/Library/PrivateFrameworks/IconServices.framework/Versions/A/IconServices
0x0000000027f02000 	/System/Library/PrivateFrameworks/ProtocolBuffer.framework/Versions/A/ProtocolBuffer
0x0000000027f02000 	/System/Library/PrivateFrameworks/Apple80211.framework/Versions/A/Apple80211
0x0000000027f02000 	/System/Library/Frameworks/CoreWLAN.framework/Versions/A/CoreWLAN
0x0000000027f02000 	/System/Library/PrivateFrameworks/CoreUtils.framework/Versions/A/CoreUtils
0x0000000027f02000 	/System/Library/Frameworks/IOBluetooth.framework/Versions/A/IOBluetooth
0x0000000027f02000 	/System/Library/PrivateFrameworks/CoreWiFi.framework/Versions/A/CoreWiFi
0x0000000027f02000 	/System/Library/Frameworks/CoreBluetooth.framework/Versions/A/CoreBluetooth
0x0000000027f02000 	/System/Library/Frameworks/CoreDisplay.framework/Versions/A/CoreDisplay
0x0000000027f02000 	/System/Library/PrivateFrameworks/IOPresentment.framework/Versions/A/IOPresentment
0x0000000027f02000 	/System/Library/PrivateFrameworks/DSExternalDisplay.framework/Versions/A/DSExternalDisplay
0x0000000027f02000 	/System/Library/PrivateFrameworks/DebugSymbols.framework/Versions/A/DebugSymbols
0x0000000027f02000 	/System/Library/PrivateFrameworks/CoreSymbolication.framework/Versions/A/CoreSymbolication
0x0000000027f02000 	/System/Library/PrivateFrameworks/Symbolication.framework/Versions/A/Symbolication
0x0000000027f02000 	/System/Library/PrivateFrameworks/AppleFSCompression.framework/Versions/A/AppleFSCompression
0x0000000027f02000 	/System/Library/PrivateFrameworks/SpeechRecognitionCore.framework/Versions/A/SpeechRecognitionCore
0x0000000027f02000 	/System/Library/PrivateFrameworks/ChunkingLibrary.framework/Versions/A/ChunkingLibrary
0x000000010d800000 	/Library/Java/JavaVirtualMachines/jdk1.8.0_162.jdk/Contents/Home/jre/lib/server/libjvm.dylib
0x0000000027f02000 	/usr/lib/libstdc++.6.dylib
0x000000010cf15000 	/Library/Java/JavaVirtualMachines/jdk1.8.0_162.jdk/Contents/Home/jre/lib/libverify.dylib
0x000000010cf23000 	/Library/Java/JavaVirtualMachines/jdk1.8.0_162.jdk/Contents/Home/jre/lib/libjava.dylib
0x000000010cf5a000 	/Library/Java/JavaVirtualMachines/jdk1.8.0_162.jdk/Contents/Home/jre/lib/libinstrument.dylib
0x000000010cfb8000 	/Library/Java/JavaVirtualMachines/jdk1.8.0_162.jdk/Contents/Home/jre/lib/libzip.dylib
0x00000001135a7000 	/Library/Java/JavaVirtualMachines/jdk1.8.0_162.jdk/Contents/Home/jre/lib/libnet.dylib
0x0000000113606000 	/Library/Java/JavaVirtualMachines/jdk1.8.0_162.jdk/Contents/Home/jre/lib/libawt.dylib
0x00000001136b0000 	/Library/Java/JavaVirtualMachines/jdk1.8.0_162.jdk/Contents/Home/jre/lib/./libmlib_image.dylib
0x000000011377c000 	/System/Library/Frameworks/JavaVM.framework/Versions/A/Frameworks/JavaNativeFoundation.framework/Versions/A/JavaNativeFoundation
0x0000000113791000 	/System/Library/Frameworks/JavaVM.framework/Versions/A/Frameworks/JavaRuntimeSupport.framework/Versions/A/JavaRuntimeSupport
0x00000001137ab000 	/System/Library/Frameworks/JavaVM.framework/Versions/A/JavaVM
0x00000001137b8000 	/System/Library/PrivateFrameworks/JavaLaunching.framework/Versions/A/JavaLaunching
0x0000000027f02000 	/System/Library/Frameworks/Carbon.framework/Versions/A/Carbon
0x0000000027f02000 	/System/Library/Frameworks/Carbon.framework/Versions/A/Frameworks/CommonPanels.framework/Versions/A/CommonPanels
0x0000000027f02000 	/System/Library/Frameworks/Carbon.framework/Versions/A/Frameworks/Help.framework/Versions/A/Help
0x0000000027f02000 	/System/Library/Frameworks/Carbon.framework/Versions/A/Frameworks/ImageCapture.framework/Versions/A/ImageCapture
0x0000000027f02000 	/System/Library/Frameworks/Carbon.framework/Versions/A/Frameworks/OpenScripting.framework/Versions/A/OpenScripting
0x0000000027f02000 	/System/Library/Frameworks/Carbon.framework/Versions/A/Frameworks/Print.framework/Versions/A/Print
0x0000000027f02000 	/System/Library/Frameworks/Carbon.framework/Versions/A/Frameworks/SecurityHI.framework/Versions/A/SecurityHI
0x00000001137c4000 	/Library/Java/JavaVirtualMachines/jdk1.8.0_162.jdk/Contents/Home/jre/lib/libawt_lwawt.dylib
0x000000011387e000 	/Library/Java/JavaVirtualMachines/jdk1.8.0_162.jdk/Contents/Home/jre/lib/./libosxapp.dylib
0x0000000027f02000 	/System/Library/Frameworks/ExceptionHandling.framework/Versions/A/ExceptionHandling
0x0000000027f02000 	/System/Library/PrivateFrameworks/CoreServicesInternal.framework/Versions/A/CoreServicesInternal
0x0000000027f02000 	/System/Library/CoreServices/RawCamera.bundle/Contents/MacOS/RawCamera
0x0000000027f02000 	/System/Library/Frameworks/Accelerate.framework/Versions/A/Frameworks/vImage.framework/Versions/A/Libraries/libCGInterfaces.dylib
0x0000000027f02000 	/System/Library/Frameworks/ApplicationServices.framework/Versions/A/Frameworks/ATS.framework/Versions/A/Resources/libTrueTypeScaler.dylib
0x000000012c7e5000 	/System/Library/Frameworks/OpenGL.framework/Resources/GLEngine.bundle/GLEngine
0x0000000027f02000 	/System/Library/Frameworks/OpenGL.framework/Versions/A/Libraries/libGLProgrammability.dylib
0x000000012c9ca000 	/System/Library/Extensions/AppleIntelBDWGraphicsGLDriver.bundle/Contents/MacOS/AppleIntelBDWGraphicsGLDriver
0x0000000027f02000 	/System/Library/PrivateFrameworks/GPUSupport.framework/Versions/A/Libraries/libGPUSupportMercury.dylib
0x000000012d134000 	/System/Library/Frameworks/OpenGL.framework/Resources//GLRendererFloat.bundle/GLRendererFloat
0x0000000027f02000 	/System/Library/Frameworks/OpenCL.framework/Versions/A/Libraries/libcldcpuengine.dylib
0x0000000027f02000 	/usr/lib/libcrypto.0.9.8.dylib
0x0000000027f02000 	/System/Library/PrivateFrameworks/TrustEvaluationAgent.framework/Versions/A/TrustEvaluationAgent
0x000000012d168000 	/System/Library/Extensions/AppleIntelBDWGraphicsMTLDriver.bundle/Contents/MacOS/AppleIntelBDWGraphicsMTLDriver
0x0000000027f02000 	/System/Library/PrivateFrameworks/FamilyControls.framework/Versions/A/FamilyControls
0x0000000027f02000 	/System/Library/PrivateFrameworks/CommerceKit.framework/Versions/A/Frameworks/CommerceCore.framework/Versions/A/CommerceCore
0x0000000027f02000 	/System/Library/PrivateFrameworks/SystemAdministration.framework/Versions/A/SystemAdministration
0x0000000027f02000 	/System/Library/PrivateFrameworks/AppContainer.framework/Versions/A/AppContainer
0x0000000027f02000 	/System/Library/PrivateFrameworks/SecCodeWrapper.framework/Versions/A/SecCodeWrapper
0x0000000027f02000 	/System/Library/Frameworks/DirectoryService.framework/Versions/A/DirectoryService
0x0000000027f02000 	/System/Library/PrivateFrameworks/DiskImages.framework/Versions/A/DiskImages
0x0000000027f02000 	/System/Library/PrivateFrameworks/LoginUIKit.framework/Versions/A/Frameworks/LoginUICore.framework/Versions/A/LoginUICore
0x0000000027f02000 	/usr/lib/libCoreStorage.dylib
0x0000000027f02000 	/usr/lib/libcsfde.dylib
0x0000000027f02000 	/usr/lib/libodfde.dylib
0x0000000027f02000 	/System/Library/Frameworks/DiscRecording.framework/Versions/A/DiscRecording
0x0000000027f02000 	/usr/lib/libcurl.4.dylib
0x0000000027f02000 	/System/Library/PrivateFrameworks/MediaKit.framework/Versions/A/MediaKit
0x0000000027f02000 	/System/Library/PrivateFrameworks/ProtectedCloudStorage.framework/Versions/A/ProtectedCloudStorage
0x0000000027f02000 	/System/Library/PrivateFrameworks/EFILogin.framework/Versions/A/EFILogin
0x0000000027f02000 	/usr/lib/libutil.dylib
0x0000000027f02000 	/System/Library/Frameworks/LDAP.framework/Versions/A/LDAP
0x0000000027f02000 	/usr/lib/libsasl2.2.dylib
0x0000000027f02000 	/System/Library/PrivateFrameworks/CoreDaemon.framework/Versions/B/CoreDaemon
0x0000000027f02000 	/System/Library/PrivateFrameworks/AppleSRP.framework/Versions/A/AppleSRP
0x0000000027f02000 	/System/Library/PrivateFrameworks/APFS.framework/Versions/A/APFS
0x000000012e976000 	/Library/Java/JavaVirtualMachines/jdk1.8.0_162.jdk/Contents/Home/jre/lib/libfontmanager.dylib
0x000000012e9dd000 	/Users/shaun.wild/Workspace/spacegame3/target/natives/liblwjgl.dylib
0x0000000113c9b000 	/Library/Java/JavaVirtualMachines/jdk1.8.0_162.jdk/Contents/Home/jre/lib/libjawt.dylib
0x0000000027f02000 	/System/Library/PrivateFrameworks/ViewBridge.framework/Versions/A/ViewBridge
0x0000000027f02000 	/System/Library/PrivateFrameworks/XPCService.framework/Versions/A/XPCService
0x0000000027f02000 	/System/Library/PrivateFrameworks/AppSandbox.framework/Versions/A/AppSandbox
0x0000000027f02000 	/usr/lib/libsandbox.1.dylib
0x0000000027f02000 	/usr/lib/libMatch.1.dylib
0x000000012bc0b000 	/Users/shaun.wild/Workspace/spacegame3/target/natives/libjinput-osx.jnilib
0x00000001303c6000 	/System/Library/Extensions/IOHIDFamily.kext/Contents/PlugIns/IOHIDLib.plugin/Contents/MacOS/IOHIDLib

VM Arguments:
jvm_args: -Djava.library.path=target/natives -javaagent:/Applications/IntelliJ IDEA.app/Contents/lib/idea_rt.jar=60108:/Applications/IntelliJ IDEA.app/Contents/bin -Dfile.encoding=UTF-8 
java_command: com.vobis.spacegame3.SpaceGameApp
java_class_path (initial): /Library/Java/JavaVirtualMachines/jdk1.8.0_162.jdk/Contents/Home/jre/lib/charsets.jar:/Library/Java/JavaVirtualMachines/jdk1.8.0_162.jdk/Contents/Home/jre/lib/deploy.jar:/Library/Java/JavaVirtualMachines/jdk1.8.0_162.jdk/Contents/Home/jre/lib/ext/cldrdata.jar:/Library/Java/JavaVirtualMachines/jdk1.8.0_162.jdk/Contents/Home/jre/lib/ext/dnsns.jar:/Library/Java/JavaVirtualMachines/jdk1.8.0_162.jdk/Contents/Home/jre/lib/ext/jaccess.jar:/Library/Java/JavaVirtualMachines/jdk1.8.0_162.jdk/Contents/Home/jre/lib/ext/jfxrt.jar:/Library/Java/JavaVirtualMachines/jdk1.8.0_162.jdk/Contents/Home/jre/lib/ext/localedata.jar:/Library/Java/JavaVirtualMachines/jdk1.8.0_162.jdk/Contents/Home/jre/lib/ext/nashorn.jar:/Library/Java/JavaVirtualMachines/jdk1.8.0_162.jdk/Contents/Home/jre/lib/ext/sunec.jar:/Library/Java/JavaVirtualMachines/jdk1.8.0_162.jdk/Contents/Home/jre/lib/ext/sunjce_provider.jar:/Library/Java/JavaVirtualMachines/jdk1.8.0_162.jdk/Contents/Home/jre/lib/ext/sunpkcs11.jar:/Library/Java/JavaVirtualMachines/jdk1.8.0_162.jdk/Contents/Home/jre/lib/ext/zipfs.jar:/Library/Java/JavaVirtualMachines/jdk1.8.0_162.jdk/Contents/Home/jre/lib/javaws.jar:/Library/Java/JavaVirtualMachines/jdk1.8.0_162.jdk/Contents/Home/jre/lib/jce.jar:/Library/Java/JavaVirtualMachines/jdk1.8.0_162.jdk/Contents/Home/jre/lib/jfxswt.jar:/Library/Java/JavaVirtualMachines/jdk1.8.0_162.jdk/Contents/Home/jre/lib/jsse.jar:/Library/Java/JavaVirtualMachines/jdk1.8.0_162.jdk/Contents/Home/jre/lib/management-agent.jar:/Library/Java/JavaVirtualMachines/jdk1.8.0_162.jdk/Contents/Home/jre/lib/plugin.jar:/Library/Java/JavaVirtualMachines/jdk1.8.0_162.jdk/Contents/Home/jre/lib/resources.jar:/Library/Java/JavaVirtualMachines/jdk1.8.0_162.jdk/Contents/Home/jre/lib/rt.jar:/Library/Java/JavaVirtualMachines/jdk1.8.0_162.jdk/Contents/Home/lib/ant-javafx.jar:/Library/Java/JavaVirtualMachines/jdk1.8.0_162.jdk/Contents/Home/lib/dt.jar:/Library/Java/JavaVirtualMachines/jdk1.8.0_162.jdk/Contents/Home/lib/
Launcher Type: SUN_STANDARD

Environment Variables:
PATH=/usr/local/bin:/usr/bin:/bin:/usr/sbin:/sbin
SHELL=/usr/local/bin/zsh

Signal Handlers:
SIGSEGV: [libjvm.dylib+0x583881], sa_mask[0]=11111111011111110111111111111111, sa_flags=SA_ONSTACK|SA_RESTART|SA_SIGINFO
SIGBUS: [libjvm.dylib+0x583881], sa_mask[0]=11111111011111110111111111111111, sa_flags=SA_RESTART|SA_SIGINFO
SIGFPE: [libjvm.dylib+0x45c0c4], sa_mask[0]=11111111011111110111111111111111, sa_flags=SA_RESTART|SA_SIGINFO
SIGPIPE: [libjvm.dylib+0x45c0c4], sa_mask[0]=11111111011111110111111111111111, sa_flags=SA_RESTART|SA_SIGINFO
SIGXFSZ: [libjvm.dylib+0x45c0c4], sa_mask[0]=11111111011111110111111111111111, sa_flags=SA_RESTART|SA_SIGINFO
SIGILL: [libjvm.dylib+0x45c0c4], sa_mask[0]=11111111011111110111111111111111, sa_flags=SA_RESTART|SA_SIGINFO
SIGUSR1: SIG_DFL, sa_mask[0]=00000000000000000000000000000000, sa_flags=none
SIGUSR2: [libjvm.dylib+0x45bbe2], sa_mask[0]=00100000000000000000000000000000, sa_flags=SA_RESTART|SA_SIGINFO
SIGHUP: [libjvm.dylib+0x45a1ad], sa_mask[0]=11111111011111110111111111111111, sa_flags=SA_RESTART|SA_SIGINFO
SIGINT: [libjvm.dylib+0x45a1ad], sa_mask[0]=11111111011111110111111111111111, sa_flags=SA_RESTART|SA_SIGINFO
SIGTERM: [libjvm.dylib+0x45a1ad], sa_mask[0]=11111111011111110111111111111111, sa_flags=SA_RESTART|SA_SIGINFO
SIGQUIT: [libjvm.dylib+0x45a1ad], sa_mask[0]=11111111011111110111111111111111, sa_flags=SA_RESTART|SA_SIGINFO


---------------  S Y S T E M  ---------------

OS:Bsduname:Darwin 16.7.0 Darwin Kernel Version 16.7.0: Thu Jan 11 22:59:40 PST 2018; root:xnu-3789.73.8~1/RELEASE_X86_64 x86_64
rlimit: STACK 8192k, CORE 0k, NPROC 709, NOFILE 10240, AS infinity
load average:4.47 4.44 5.24

CPU:total 4 (initial active 4) (2 cores per cpu, 2 threads per core) family 6 model 61 stepping 4, cmov, cx8, fxsr, mmx, sse, sse2, sse3, ssse3, sse4.1, sse4.2, popcnt, avx, avx2, aes, clmul, erms, 3dnowpref, lzcnt, ht, tsc, tscinvbit, bmi1, bmi2, adx

Memory: 4k page, physical 16777216k(68088k free)

/proc/meminfo:


vm_info: Java HotSpot(TM) 64-Bit Server VM (25.162-b03) for bsd-amd64 JRE (1.8.0_162-ea-b03), built on Oct 25 2017 01:03:52 by "java_re" with gcc 4.2.1 (Based on Apple Inc. build 5658) (LLVM build 2336.11.00)

time: Thu Apr 26 15:07:07 2018
elapsed time: 4 seconds (0d 0h 0m 4s)

